<?xml version="1.0" encoding="UTF-8"?>
<!-- Generated by org.testng.reporters.JUnitReportReporter -->
<testsuite skipped="0" hostname="DESKTOP-70AEOSI" name="LaunchBrowserURL.LaunchBrowser" tests="1" failures="0" timestamp="2021-09-21T07:02:11 IST" time="0.035" errors="0">
  <testcase name="LaunchBrowserUrl" time="0.035" classname="LaunchBrowserURL.LaunchBrowser"/>
  <system-out/>
</testsuite> <!-- LaunchBrowserURL.LaunchBrowser -->
